<?xml version="1.0" encoding="UTF-8"?>
<coverage generated="1613071937155" clover="3.2.0">
  <project timestamp="1613071937155" name="All files">
    <metrics statements="19" coveredstatements="17" conditionals="4" coveredconditionals="3" methods="6" coveredmethods="6" elements="29" coveredelements="26" complexity="0" loc="19" ncloc="19" packages="1" files="4" classes="4"/>
    <file name="arrays.js" path="C:\Users\javie\Desktop\Proyectos\learningJest\src\arrays.js">
      <metrics statements="3" coveredstatements="3" conditionals="0" coveredconditionals="0" methods="2" coveredmethods="2"/>
      <line num="2" count="2" type="stmt"/>
      <line num="11" count="1" type="stmt"/>
      <line num="19" count="1" type="stmt"/>
    </file>
    <file name="callback.js" path="C:\Users\javie\Desktop\Proyectos\learningJest\src\callback.js">
      <metrics statements="11" coveredstatements="9" conditionals="4" coveredconditionals="3" methods="2" coveredmethods="2"/>
      <line num="1" count="1" type="stmt"/>
      <line num="5" count="2" type="stmt"/>
      <line num="6" count="2" type="stmt"/>
      <line num="7" count="2" type="stmt"/>
      <line num="8" count="6" type="cond" truecount="2" falsecount="0"/>
      <line num="9" count="1" type="cond" truecount="1" falsecount="1"/>
      <line num="10" count="1" type="stmt"/>
      <line num="12" count="0" type="stmt"/>
      <line num="13" count="0" type="stmt"/>
      <line num="18" count="2" type="stmt"/>
      <line num="21" count="1" type="stmt"/>
    </file>
    <file name="promise.js" path="C:\Users\javie\Desktop\Proyectos\learningJest\src\promise.js">
      <metrics statements="3" coveredstatements="3" conditionals="0" coveredconditionals="0" methods="1" coveredmethods="1"/>
      <line num="1" count="2" type="stmt"/>
      <line num="4" count="4" type="stmt"/>
      <line num="8" count="2" type="stmt"/>
    </file>
    <file name="sum.js" path="C:\Users\javie\Desktop\Proyectos\learningJest\src\sum.js">
      <metrics statements="2" coveredstatements="2" conditionals="0" coveredconditionals="0" methods="1" coveredmethods="1"/>
      <line num="2" count="4" type="stmt"/>
      <line num="5" count="1" type="stmt"/>
    </file>
  </project>
</coverage>
