{"C:\\Users\\javie\\Desktop\\Proyectos\\learningJest\\src\\arrays.js": {"path":"C:\\Users\\javie\\Desktop\\Proyectos\\learningJest\\src\\arrays.js","statementMap":{"0":{"start":{"line":2,"column":4},"end":{"line":7,"column":5}},"1":{"start":{"line":11,"column":4},"end":{"line":16,"column":5}},"2":{"start":{"line":19,"column":0},"end":{"line":19,"column":63}}},"fnMap":{"0":{"name":"carList","decl":{"start":{"line":1,"column":9},"end":{"line":1,"column":16}},"loc":{"start":{"line":1,"column":19},"end":{"line":8,"column":1}},"line":1},"1":{"name":"vehiclesList","decl":{"start":{"line":10,"column":9},"end":{"line":10,"column":21}},"loc":{"start":{"line":10,"column":24},"end":{"line":17,"column":1}},"line":10}},"branchMap":{},"s":{"0":2,"1":1,"2":1},"f":{"0":2,"1":1},"b":{},"_coverageSchema":"1a1c01bbd47fc00a2c39e90264f33305004495a9","hash":"5e92d20fe9d4c4bd2bafbc294f8846675e3223e0"}
,"C:\\Users\\javie\\Desktop\\Proyectos\\learningJest\\src\\callback.js": {"path":"C:\\Users\\javie\\Desktop\\Proyectos\\learningJest\\src\\callback.js","statementMap":{"0":{"start":{"line":1,"column":21},"end":{"line":1,"column":61}},"1":{"start":{"line":5,"column":14},"end":{"line":5,"column":34}},"2":{"start":{"line":6,"column":4},"end":{"line":6,"column":30}},"3":{"start":{"line":7,"column":4},"end":{"line":16,"column":5}},"4":{"start":{"line":8,"column":8},"end":{"line":15,"column":9}},"5":{"start":{"line":9,"column":12},"end":{"line":14,"column":13}},"6":{"start":{"line":10,"column":16},"end":{"line":10,"column":59}},"7":{"start":{"line":12,"column":30},"end":{"line":12,"column":61}},"8":{"start":{"line":13,"column":16},"end":{"line":13,"column":43}},"9":{"start":{"line":18,"column":4},"end":{"line":18,"column":14}},"10":{"start":{"line":21,"column":0},"end":{"line":21,"column":25}}},"fnMap":{"0":{"name":"fecthApi","decl":{"start":{"line":4,"column":9},"end":{"line":4,"column":17}},"loc":{"start":{"line":4,"column":32},"end":{"line":19,"column":1}},"line":4},"1":{"name":"(anonymous_1)","decl":{"start":{"line":7,"column":29},"end":{"line":7,"column":30}},"loc":{"start":{"line":7,"column":46},"end":{"line":16,"column":5}},"line":7}},"branchMap":{"0":{"loc":{"start":{"line":8,"column":8},"end":{"line":15,"column":9}},"type":"if","locations":[{"start":{"line":8,"column":8},"end":{"line":15,"column":9}},{"start":{"line":8,"column":8},"end":{"line":15,"column":9}}],"line":8},"1":{"loc":{"start":{"line":9,"column":12},"end":{"line":14,"column":13}},"type":"if","locations":[{"start":{"line":9,"column":12},"end":{"line":14,"column":13}},{"start":{"line":9,"column":12},"end":{"line":14,"column":13}}],"line":9}},"s":{"0":1,"1":2,"2":2,"3":2,"4":6,"5":1,"6":1,"7":0,"8":0,"9":2,"10":1},"f":{"0":2,"1":6},"b":{"0":[1,5],"1":[1,0]},"_coverageSchema":"1a1c01bbd47fc00a2c39e90264f33305004495a9","hash":"a737b26ded13eac9fa05215d4942e852aeac0ca9"}
,"C:\\Users\\javie\\Desktop\\Proyectos\\learningJest\\src\\promise.js": {"path":"C:\\Users\\javie\\Desktop\\Proyectos\\learningJest\\src\\promise.js","statementMap":{"0":{"start":{"line":1,"column":14},"end":{"line":1,"column":30}},"1":{"start":{"line":4,"column":4},"end":{"line":4,"column":25}},"2":{"start":{"line":8,"column":0},"end":{"line":8,"column":24}}},"fnMap":{"0":{"name":"getData","decl":{"start":{"line":3,"column":9},"end":{"line":3,"column":16}},"loc":{"start":{"line":3,"column":22},"end":{"line":5,"column":1}},"line":3}},"branchMap":{},"s":{"0":2,"1":4,"2":2},"f":{"0":4},"b":{},"_coverageSchema":"1a1c01bbd47fc00a2c39e90264f33305004495a9","hash":"f660dd8f2b5b3baf9a095da22f41bc6d7d251310"}
,"C:\\Users\\javie\\Desktop\\Proyectos\\learningJest\\src\\sum.js": {"path":"C:\\Users\\javie\\Desktop\\Proyectos\\learningJest\\src\\sum.js","statementMap":{"0":{"start":{"line":2,"column":4},"end":{"line":2,"column":16}},"1":{"start":{"line":5,"column":0},"end":{"line":5,"column":20}}},"fnMap":{"0":{"name":"sum","decl":{"start":{"line":1,"column":9},"end":{"line":1,"column":12}},"loc":{"start":{"line":1,"column":19},"end":{"line":3,"column":1}},"line":1}},"branchMap":{},"s":{"0":4,"1":1},"f":{"0":4},"b":{},"_coverageSchema":"1a1c01bbd47fc00a2c39e90264f33305004495a9","hash":"de12eed5a91bfacdc8c9e1d5c7cab895040c3c4d"}
}
