TN:
SF:src\arrays.js
FN:1,carList
FN:10,vehiclesList
FNF:2
FNH:2
FNDA:2,carList
FNDA:1,vehiclesList
DA:2,2
DA:11,1
DA:19,1
LF:3
LH:3
BRF:0
BRH:0
end_of_record
TN:
SF:src\callback.js
FN:4,fecthApi
FN:7,(anonymous_1)
FNF:2
FNH:2
FNDA:2,fecthApi
FNDA:6,(anonymous_1)
DA:1,1
DA:5,2
DA:6,2
DA:7,2
DA:8,6
DA:9,1
DA:10,1
DA:12,0
DA:13,0
DA:18,2
DA:21,1
LF:11
LH:9
BRDA:8,0,0,1
BRDA:8,0,1,5
BRDA:9,1,0,1
BRDA:9,1,1,0
BRF:4
BRH:3
end_of_record
TN:
SF:src\promise.js
FN:3,getData
FNF:1
FNH:1
FNDA:4,getData
DA:1,2
DA:4,4
DA:8,2
LF:3
LH:3
BRF:0
BRH:0
end_of_record
TN:
SF:src\sum.js
FN:1,sum
FNF:1
FNH:1
FNDA:4,sum
DA:2,4
DA:5,1
LF:2
LH:2
BRF:0
BRH:0
end_of_record
